# JRE version: Java(TM) SE Runtime Environment (16.0.2+7) (build 16.0.2+7-67)
# Java VM: Java HotSpot(TM) 64-Bit Server VM (16.0.2+7-67, mixed mode, sharing, tiered, compressed oops, compressed class ptrs, g1 gc, windows-amd64)
GC Precious Log:
 CPUs: 16 total, 16 available
 Memory: 32719M
 Large Page Support: Disabled
 NUMA Support: Disabled
 Compressed Oops: Enabled (Zero based)
 Heap Region Size: 4M
 Heap Min Capacity: 8M
 Heap Initial Capacity: 512M
 Heap Max Capacity: 8180M
 Pre-touch: Disabled
 Parallel Workers: 13
 Concurrent Workers: 3
 Concurrent Refinement Workers: 13
 Periodic GC: Disabled
Heap:
 garbage-first heap   total 524288K, used 199468K [0x000000042b000000, 0x000000062a400000)
  region size 4096K, 48 young (196608K), 2 survivors (8192K)
 Metaspace       used 9377K, committed 9600K, reserved 1064960K
  class space    used 470K, committed 576K, reserved 1048576K
GC Heap History (6 events):
Event: 0.869 GC heap before
{Heap before GC invocations=0 (full 0):
 garbage-first heap   total 524288K, used 20480K [0x000000042b000000, 0x000000062a400000)
  region size 4096K, 6 young (24576K), 0 survivors (0K)
 Metaspace       used 7211K, committed 7360K, reserved 1064960K
  class space    used 380K, committed 448K, reserved 1048576K
}
Event: 0.873 GC heap after
{Heap after GC invocations=1 (full 0):
 garbage-first heap   total 524288K, used 7657K [0x000000042b000000, 0x000000062a400000)
  region size 4096K, 1 young (4096K), 1 survivors (4096K)
 Metaspace       used 7211K, committed 7360K, reserved 1064960K
  class space    used 380K, committed 448K, reserved 1048576K
}
Event: 0.914 GC heap before
{Heap before GC invocations=1 (full 0):
 garbage-first heap   total 524288K, used 32233K [0x000000042b000000, 0x000000062a400000)
  region size 4096K, 7 young (28672K), 1 survivors (4096K)
 Metaspace       used 7347K, committed 7488K, reserved 1064960K
  class space    used 381K, committed 448K, reserved 1048576K
}
Event: 0.918 GC heap after
{Heap after GC invocations=2 (full 0):
 garbage-first heap   total 524288K, used 14013K [0x000000042b000000, 0x000000062a400000)
  region size 4096K, 1 young (4096K), 1 survivors (4096K)
 Metaspace       used 7347K, committed 7488K, reserved 1064960K
  class space    used 381K, committed 448K, reserved 1048576K
}
Event: 0.961 GC heap before
{Heap before GC invocations=2 (full 0):
 garbage-first heap   total 524288K, used 50877K [0x000000042b000000, 0x000000062a400000)
  region size 4096K, 10 young (40960K), 1 survivors (4096K)
 Metaspace       used 7348K, committed 7488K, reserved 1064960K
  class space    used 381K, committed 448K, reserved 1048576K
}
Event: 0.962 GC heap after
{Heap after GC invocations=3 (full 0):
 garbage-first heap   total 524288K, used 15148K [0x000000042b000000, 0x000000062a400000)
  region size 4096K, 2 young (8192K), 2 survivors (8192K)
 Metaspace       used 7348K, committed 7488K, reserved 1064960K
  class space    used 381K, committed 448K, reserved 1048576K
}

